#
# A fatal error has been detected by the Java Runtime Environment:
#
#  SIGSEGV (0xb) at pc=0x00007fff8a9d00dd, pid=4099, tid=85771
#
# JRE version: Java(TM) SE Runtime Environment (8.0_25-b17) (build 1.8.0_25-b17)
# Java VM: Java HotSpot(TM) 64-Bit Server VM (25.25-b02 mixed mode bsd-amd64 compressed oops)
# Problematic frame:
# C  [libobjc.A.dylib+0x10dd]  objc_msgSend+0x1d
#
# Failed to write core dump. Core dumps have been disabled. To enable core dumping, try "ulimit -c unlimited" before starting Java again
#
# If you would like to submit a bug report, please visit:
#   http://bugreport.sun.com/bugreport/crash.jsp
#

---------------  T H R E A D  ---------------

Current thread is native thread

siginfo: si_signo: 11 (SIGSEGV), si_code: 1 (SEGV_MAPERR), si_addr: 0x0000000000000018

Registers:
RAX=0x0000000000000000, RBX=0x00007fbed076c0b0, RCX=0x00000000000fc080, RDX=0x000000000003e9f0
RSP=0x0000000128db0e08, RBP=0x0000000128db0e30, RSI=0x00007fff8acf66a2, RDI=0x00007fbed07d00a0
R8 =0x0000000000000017, R9 =0x00007fbed0400000, R10=0x00007fff8acf66a2, R11=0x0000000000000000
R12=0x00007fbed07ce240, R13=0x00007fbed07d07d0, R14=0x00007fbed07d00a0, R15=0x00007fff8a9d00c0
RIP=0x00007fff8a9d00dd, EFLAGS=0x0000000000010246, ERR=0x0000000000000004
  TRAPNO=0x000000000000000e

Top of Stack: (sp=0x0000000128db0e08)
0x0000000128db0e08:   00007fff8abf3381 00007fbed2f3b390
0x0000000128db0e18:   00007fbed07d0910 00007fbed2e4f0e0
0x0000000128db0e28:   00007fff8a9d00c0 0000000128db0e60
0x0000000128db0e38:   00007fff8963033c 0000000128db0e60
0x0000000128db0e48:   0000000000000076 00007fbed07d07d0
0x0000000128db0e58:   00007fff8a9d00c0 0000000128db0ea0
0x0000000128db0e68:   00007fff89630192 00007fbed04a1610
0x0000000128db0e78:   00007fbed2f3b400 00007fbed07ce240
0x0000000128db0e88:   00007fff939d118b 00007fbed07c3420
0x0000000128db0e98:   00007fff8a9d00c0 0000000128db0ef0
0x0000000128db0ea8:   00007fff8abf3155 0000000000000000
0x0000000128db0eb8:   00007fbed2f1fe50 0000000000000000
0x0000000128db0ec8:   0000000128db1000 0000000000014f0b
0x0000000128db0ed8:   00000000000008ff 00007fbed2f3b400
0x0000000128db0ee8:   00007fff8abf2fd2 0000000128db0f10
0x0000000128db0ef8:   00007fff902af2fc 0000000000014f0b
0x0000000128db0f08:   0000000128db1000 0000000128db0f50
0x0000000128db0f18:   00007fff902af279 0000000000000000
0x0000000128db0f28:   0000000000000000 0000000000000000
0x0000000128db0f38:   0000000000000000 0000000000000000
0x0000000128db0f48:   0000000000000000 0000000128db0f78
0x0000000128db0f58:   00007fff902ad4b1 0000000000000000
0x0000000128db0f68:   0000000000000000 0000000000000000
0x0000000128db0f78:   0000000000000000 0000000000000000
0x0000000128db0f88:   0000000000000000 0000000000000000
0x0000000128db0f98:   0000000000000000 0000000000000000
0x0000000128db0fa8:   0000000000000000 0000000000000000
0x0000000128db0fb8:   0000000000000000 0000000000000000
0x0000000128db0fc8:   0000000000000000 0000000000000000
0x0000000128db0fd8:   0000000000000000 0000000000000000
0x0000000128db0fe8:   0000000000000000 0000000000000000
0x0000000128db0ff8:   0000000000000000 0000000054485244 

Instructions: (pc=0x00007fff8a9d00dd)
0x00007fff8a9d00bd:   00 00 00 48 85 ff 2e 74 7a 40 f6 c7 01 2e 75 7e
0x00007fff8a9d00cd:   49 bb f8 ff ff ff ff 7f 00 00 4c 23 1f 49 89 f2
0x00007fff8a9d00dd:   45 23 53 18 49 c1 e2 04 4d 03 53 10 49 3b 32 75
0x00007fff8a9d00ed:   04 41 ff 62 08 49 83 3a 00 74 6a 4d 3b 53 10 74 

Register to memory mapping:

RAX=0x0000000000000000 is an unknown value
RBX=0x00007fbed076c0b0 is an unknown value
RCX=0x00000000000fc080 is an unknown value
RDX=0x000000000003e9f0 is an unknown value
RSP=0x0000000128db0e08 is an unknown value
RBP=0x0000000128db0e30 is an unknown value
RSI=0x00007fff8acf66a2: -[NSControl(QTCMTimeAdditions) takeCMTimeValueFrom:]+0x3fe1 in /System/Library/Frameworks/QTKit.framework/Versions/A/QTKit at 0x00007fff8abe7000
RDI=0x00007fbed07d00a0 is an unknown value
R8 =0x0000000000000017 is an unknown value
R9 =0x00007fbed0400000 is an unknown value
R10=0x00007fff8acf66a2: -[NSControl(QTCMTimeAdditions) takeCMTimeValueFrom:]+0x3fe1 in /System/Library/Frameworks/QTKit.framework/Versions/A/QTKit at 0x00007fff8abe7000
R11=0x0000000000000000 is an unknown value
R12=0x00007fbed07ce240 is an unknown value
R13=0x00007fbed07d07d0 is an unknown value
R14=0x00007fbed07d00a0 is an unknown value
R15=0x00007fff8a9d00c0: objc_msgSend+0 in /usr/lib/libobjc.A.dylib at 0x00007fff8a9cf000


Stack: [0x0000000128d31000,0x0000000128db1000],  sp=0x0000000128db0e08,  free space=511k
Native frames: (J=compiled Java code, j=interpreted, Vv=VM code, C=native code)
C  [libobjc.A.dylib+0x10dd]  objc_msgSend+0x1d
C  [CoreFoundation+0x3b33c]  __invoking___+0x8c
C  [CoreFoundation+0x3b192]  -[NSInvocation invoke]+0x122
C  [QTKit+0xc155]  QTBackgroundQueueRun+0x183
C  [libsystem_pthread.dylib+0x32fc]  _pthread_body+0x83
C  [libsystem_pthread.dylib+0x3279]  _pthread_body+0x0
C  [libsystem_pthread.dylib+0x14b1]  thread_start+0xd


---------------  P R O C E S S  ---------------

VM state:not at safepoint (normal execution)

VM Mutex/Monitor currently owned by a thread: None

Heap:
 PSYoungGen      total 18944K, used 4830K [0x00000007aab00000, 0x00000007ad080000, 0x00000007c0000000)
  eden space 16384K, 19% used [0x00000007aab00000,0x00000007aae2d458,0x00000007abb00000)
  from space 2560K, 61% used [0x00000007abb00000,0x00000007abc8a6a8,0x00000007abd80000)
  to   space 7168K, 0% used [0x00000007ac980000,0x00000007ac980000,0x00000007ad080000)
 ParOldGen       total 36352K, used 7046K [0x0000000780000000, 0x0000000782380000, 0x00000007aab00000)
  object space 36352K, 19% used [0x0000000780000000,0x00000007806e1848,0x0000000782380000)
 Metaspace       used 22733K, capacity 23030K, committed 23424K, reserved 1069056K
  class space    used 2859K, capacity 2931K, committed 2944K, reserved 1048576K

Card table byte_map: [0x000000011363d000,0x000000011383e000] byte_map_base: 0x000000010fa3d000

Marking Bits: (ParMarkBitMap*) 0x0000000103ab0390
 Begin Bits: [0x0000000113da0000, 0x0000000114da0000)
 End Bits:   [0x0000000114da0000, 0x0000000115da0000)

Polling page: 0x00000001029f4000

CodeCache: size=245760Kb used=6248Kb max_used=6248Kb free=239511Kb
 bounds [0x000000010427d000, 0x000000010489d000, 0x000000011327d000]
 total_blobs=2586 nmethods=1872 adapters=628
 compilation: enabled

Compilation events (10 events):
Event: 11.704 Thread 0x00007fbed0873000 1998       3       sun.java2d.opengl.OGLSurfaceData::validatePipe (362 bytes)
Event: 11.705 Thread 0x00007fbed0873000 nmethod 1998 0x0000000104898fd0 code [0x0000000104899220, 0x000000010489a038]
Event: 11.706 Thread 0x00007fbed0873000 2001       1       javax.swing.GroupLayout::access$700 (5 bytes)
Event: 11.706 Thread 0x00007fbed0873000 nmethod 2001 0x000000010489a290 code [0x000000010489a3e0, 0x000000010489a4d0]
Event: 11.706 Thread 0x00007fbed0873000 2000       3       java.awt.Rectangle::setBounds (21 bytes)
Event: 11.707 Thread 0x00007fbed0873000 nmethod 2000 0x000000010489a550 code [0x000000010489a6c0, 0x000000010489a9f0]
Event: 11.707 Thread 0x00007fbed0873000 1999   !   3       sun.lwawt.LWComponentPeer::getSize (36 bytes)
Event: 11.708 Thread 0x00007fbed0873000 nmethod 1999 0x000000010489ab10 code [0x000000010489aca0, 0x000000010489b270]
Event: 11.717 Thread 0x00007fbed0873000 2002       3       java.util.ArrayList$SubList::iterator (5 bytes)
Event: 11.718 Thread 0x00007fbed0873000 nmethod 2002 0x000000010489b590 code [0x000000010489b760, 0x000000010489bd78]

GC Heap History (10 events):
Event: 6.547 GC heap before
{Heap before GC invocations=2 (full 0):
 PSYoungGen      total 18944K, used 18931K [0x00000007aab00000, 0x00000007ac000000, 0x00000007c0000000)
  eden space 16384K, 99% used [0x00000007aab00000,0x00000007abaff0d8,0x00000007abb00000)
  from space 2560K, 99% used [0x00000007abb00000,0x00000007abd7dd60,0x00000007abd80000)
  to   space 2560K, 0% used [0x00000007abd80000,0x00000007abd80000,0x00000007ac000000)
 ParOldGen       total 44032K, used 1782K [0x0000000780000000, 0x0000000782b00000, 0x00000007aab00000)
  object space 44032K, 4% used [0x0000000780000000,0x00000007801bda40,0x0000000782b00000)
 Metaspace       used 19228K, capacity 19532K, committed 19840K, reserved 1067008K
  class space    used 2509K, capacity 2610K, committed 2688K, reserved 1048576K
Event: 6.558 GC heap after
Heap after GC invocations=2 (full 0):
 PSYoungGen      total 18944K, used 2551K [0x00000007aab00000, 0x00000007ac000000, 0x00000007c0000000)
  eden space 16384K, 0% used [0x00000007aab00000,0x00000007aab00000,0x00000007abb00000)
  from space 2560K, 99% used [0x00000007abd80000,0x00000007abffdd10,0x00000007ac000000)
  to   space 2560K, 0% used [0x00000007abb00000,0x00000007abb00000,0x00000007abd80000)
 ParOldGen       total 44032K, used 5409K [0x0000000780000000, 0x0000000782b00000, 0x00000007aab00000)
  object space 44032K, 12% used [0x0000000780000000,0x00000007805485a0,0x0000000782b00000)
 Metaspace       used 19228K, capacity 19532K, committed 19840K, reserved 1067008K
  class space    used 2509K, capacity 2610K, committed 2688K, reserved 1048576K
}
Event: 8.536 GC heap before
{Heap before GC invocations=3 (full 0):
 PSYoungGen      total 18944K, used 18935K [0x00000007aab00000, 0x00000007ac000000, 0x00000007c0000000)
  eden space 16384K, 100% used [0x00000007aab00000,0x00000007abb00000,0x00000007abb00000)
  from space 2560K, 99% used [0x00000007abd80000,0x00000007abffdd10,0x00000007ac000000)
  to   space 2560K, 0% used [0x00000007abb00000,0x00000007abb00000,0x00000007abd80000)
 ParOldGen       total 44032K, used 5409K [0x0000000780000000, 0x0000000782b00000, 0x00000007aab00000)
  object space 44032K, 12% used [0x0000000780000000,0x00000007805485a0,0x0000000782b00000)
 Metaspace       used 20069K, capacity 20418K, committed 20608K, reserved 1067008K
  class space    used 2584K, capacity 2683K, committed 2688K, reserved 1048576K
Event: 8.542 GC heap after
Heap after GC invocations=3 (full 0):
 PSYoungGen      total 18944K, used 2551K [0x00000007aab00000, 0x00000007ac000000, 0x00000007c0000000)
  eden space 16384K, 0% used [0x00000007aab00000,0x00000007aab00000,0x00000007abb00000)
  from space 2560K, 99% used [0x00000007abb00000,0x00000007abd7dd10,0x00000007abd80000)
  to   space 2560K, 0% used [0x00000007abd80000,0x00000007abd80000,0x00000007ac000000)
 ParOldGen       total 44032K, used 6346K [0x0000000780000000, 0x0000000782b00000, 0x00000007aab00000)
  object space 44032K, 14% used [0x0000000780000000,0x0000000780632a20,0x0000000782b00000)
 Metaspace       used 20069K, capacity 20418K, committed 20608K, reserved 1067008K
  class space    used 2584K, capacity 2683K, committed 2688K, reserved 1048576K
}
Event: 8.808 GC heap before
{Heap before GC invocations=4 (full 0):
 PSYoungGen      total 18944K, used 14934K [0x00000007aab00000, 0x00000007ac000000, 0x00000007c0000000)
  eden space 16384K, 75% used [0x00000007aab00000,0x00000007ab717b28,0x00000007abb00000)
  from space 2560K, 99% used [0x00000007abb00000,0x00000007abd7dd10,0x00000007abd80000)
  to   space 2560K, 0% used [0x00000007abd80000,0x00000007abd80000,0x00000007ac000000)
 ParOldGen       total 44032K, used 6346K [0x0000000780000000, 0x0000000782b00000, 0x00000007aab00000)
  object space 44032K, 14% used [0x0000000780000000,0x0000000780632a20,0x0000000782b00000)
 Metaspace       used 20668K, capacity 20980K, committed 21248K, reserved 1067008K
  class space    used 2623K, capacity 2718K, committed 2816K, reserved 1048576K
Event: 8.813 GC heap after
Heap after GC invocations=4 (full 0):
 PSYoungGen      total 18944K, used 2551K [0x00000007aab00000, 0x00000007ac000000, 0x00000007c0000000)
  eden space 16384K, 0% used [0x00000007aab00000,0x00000007aab00000,0x00000007abb00000)
  from space 2560K, 99% used [0x00000007abd80000,0x00000007abffdd10,0x00000007ac000000)
  to   space 2560K, 0% used [0x00000007abb00000,0x00000007abb00000,0x00000007abd80000)
 ParOldGen       total 44032K, used 6566K [0x0000000780000000, 0x0000000782b00000, 0x00000007aab00000)
  object space 44032K, 14% used [0x0000000780000000,0x0000000780669820,0x0000000782b00000)
 Metaspace       used 20668K, capacity 20980K, committed 21248K, reserved 1067008K
  class space    used 2623K, capacity 2718K, committed 2816K, reserved 1048576K
}
Event: 8.813 GC heap before
{Heap before GC invocations=5 (full 1):
 PSYoungGen      total 18944K, used 2551K [0x00000007aab00000, 0x00000007ac000000, 0x00000007c0000000)
  eden space 16384K, 0% used [0x00000007aab00000,0x00000007aab00000,0x00000007abb00000)
  from space 2560K, 99% used [0x00000007abd80000,0x00000007abffdd10,0x00000007ac000000)
  to   space 2560K, 0% used [0x00000007abb00000,0x00000007abb00000,0x00000007abd80000)
 ParOldGen       total 44032K, used 6566K [0x0000000780000000, 0x0000000782b00000, 0x00000007aab00000)
  object space 44032K, 14% used [0x0000000780000000,0x0000000780669820,0x0000000782b00000)
 Metaspace       used 20668K, capacity 20980K, committed 21248K, reserved 1067008K
  class space    used 2623K, capacity 2718K, committed 2816K, reserved 1048576K
Event: 8.876 GC heap after
Heap after GC invocations=5 (full 1):
 PSYoungGen      total 18944K, used 0K [0x00000007aab00000, 0x00000007ac000000, 0x00000007c0000000)
  eden space 16384K, 0% used [0x00000007aab00000,0x00000007aab00000,0x00000007abb00000)
  from space 2560K, 0% used [0x00000007abd80000,0x00000007abd80000,0x00000007ac000000)
  to   space 2560K, 0% used [0x00000007abb00000,0x00000007abb00000,0x00000007abd80000)
 ParOldGen       total 36352K, used 7038K [0x0000000780000000, 0x0000000782380000, 0x00000007aab00000)
  object space 36352K, 19% used [0x0000000780000000,0x00000007806df848,0x0000000782380000)
 Metaspace       used 20635K, capacity 20926K, committed 21248K, reserved 1067008K
  class space    used 2613K, capacity 2703K, committed 2816K, reserved 1048576K
}
Event: 9.503 GC heap before
{Heap before GC invocations=6 (full 1):
 PSYoungGen      total 18944K, used 16384K [0x00000007aab00000, 0x00000007ac000000, 0x00000007c0000000)
  eden space 16384K, 100% used [0x00000007aab00000,0x00000007abb00000,0x00000007abb00000)
  from space 2560K, 0% used [0x00000007abd80000,0x00000007abd80000,0x00000007ac000000)
  to   space 2560K, 0% used [0x00000007abb00000,0x00000007abb00000,0x00000007abd80000)
 ParOldGen       total 36352K, used 7038K [0x0000000780000000, 0x0000000782380000, 0x00000007aab00000)
  object space 36352K, 19% used [0x0000000780000000,0x00000007806df848,0x0000000782380000)
 Metaspace       used 22587K, capacity 22902K, committed 23168K, reserved 1069056K
  class space    used 2844K, capacity 2931K, committed 2944K, reserved 1048576K
Event: 9.505 GC heap after
Heap after GC invocations=6 (full 1):
 PSYoungGen      total 18944K, used 1577K [0x00000007aab00000, 0x00000007ad080000, 0x00000007c0000000)
  eden space 16384K, 0% used [0x00000007aab00000,0x00000007aab00000,0x00000007abb00000)
  from space 2560K, 61% used [0x00000007abb00000,0x00000007abc8a6a8,0x00000007abd80000)
  to   space 7168K, 0% used [0x00000007ac980000,0x00000007ac980000,0x00000007ad080000)
 ParOldGen       total 36352K, used 7046K [0x0000000780000000, 0x0000000782380000, 0x00000007aab00000)
  object space 36352K, 19% used [0x0000000780000000,0x00000007806e1848,0x0000000782380000)
 Metaspace       used 22587K, capacity 22902K, committed 23168K, reserved 1069056K
  class space    used 2844K, capacity 2931K, committed 2944K, reserved 1048576K
}

Deoptimization events (5 events):
Event: 3.235 Thread 0x00007fbed21c5800 Uncommon trap: reason=class_check action=maybe_recompile pc=0x00000001043fc0cc method=java.lang.String.equals(Ljava/lang/Object;)Z @ 8
Event: 3.237 Thread 0x00007fbed21c5800 Uncommon trap: reason=class_check action=maybe_recompile pc=0x00000001043fc0cc method=java.lang.String.equals(Ljava/lang/Object;)Z @ 8
Event: 3.919 Thread 0x00007fbed21c5800 Uncommon trap: reason=class_check action=maybe_recompile pc=0x00000001043fc0cc method=java.lang.String.equals(Ljava/lang/Object;)Z @ 8
Event: 3.919 Thread 0x00007fbed21c5800 Uncommon trap: reason=class_check action=maybe_recompile pc=0x00000001043fc0cc method=java.lang.String.equals(Ljava/lang/Object;)Z @ 8
Event: 3.954 Thread 0x00007fbed21c5800 Uncommon trap: reason=unloaded action=reinterpret pc=0x0000000104497898 method=java.lang.CharacterData.of(I)Ljava/lang/CharacterData; @ 96

Internal exceptions (10 events):
Event: 9.524 Thread 0x00007fbed2328800 Exception <a 'java/security/PrivilegedActionException'> (0x00000007aad81e70) thrown at [/HUDSON3/workspace/8-2-build-macosx-x86_64/jdk8u25/1514/hotspot/src/share/vm/prims/jvm.cpp, line 1312]
Event: 9.524 Thread 0x00007fbed20d3800 Exception <a 'java/lang/reflect/InvocationTargetException'> (0x00000007aabf6ef8) thrown at [/HUDSON3/workspace/8-2-build-macosx-x86_64/jdk8u25/1514/hotspot/src/share/vm/runtime/reflection.cpp, line 1080]
Event: 9.525 Thread 0x00007fbed2328800 Exception <a 'java/security/PrivilegedActionException'> (0x00000007aad8e0b0) thrown at [/HUDSON3/workspace/8-2-build-macosx-x86_64/jdk8u25/1514/hotspot/src/share/vm/prims/jvm.cpp, line 1312]
Event: 9.526 Thread 0x00007fbed20d3800 Exception <a 'java/security/PrivilegedActionException'> (0x00000007aabf8418) thrown at [/HUDSON3/workspace/8-2-build-macosx-x86_64/jdk8u25/1514/hotspot/src/share/vm/prims/jvm.cpp, line 1312]
Event: 9.526 Thread 0x00007fbed20d3800 Exception <a 'java/security/PrivilegedActionException'> (0x00000007aadad0d8) thrown at [/HUDSON3/workspace/8-2-build-macosx-x86_64/jdk8u25/1514/hotspot/src/share/vm/prims/jvm.cpp, line 1312]
Event: 9.529 Thread 0x00007fbed20d4800 Exception <a 'java/lang/reflect/InvocationTargetException'> (0x00000007aadc4678) thrown at [/HUDSON3/workspace/8-2-build-macosx-x86_64/jdk8u25/1514/hotspot/src/share/vm/runtime/reflection.cpp, line 1080]
Event: 9.530 Thread 0x00007fbed2328800 Exception <a 'java/lang/reflect/InvocationTargetException'> (0x00000007aad999b8) thrown at [/HUDSON3/workspace/8-2-build-macosx-x86_64/jdk8u25/1514/hotspot/src/share/vm/runtime/reflection.cpp, line 1080]
Event: 9.530 Thread 0x00007fbed20d3800 Exception <a 'java/lang/reflect/InvocationTargetException'> (0x00000007aadb89e0) thrown at [/HUDSON3/workspace/8-2-build-macosx-x86_64/jdk8u25/1514/hotspot/src/share/vm/runtime/reflection.cpp, line 1080]
Event: 11.713 Thread 0x00007fbed20d4800 Exception <a 'java/security/PrivilegedActionException'> (0x00000007aadc82c8) thrown at [/HUDSON3/workspace/8-2-build-macosx-x86_64/jdk8u25/1514/hotspot/src/share/vm/prims/jvm.cpp, line 1312]
Event: 11.719 Thread 0x00007fbed20d4800 Exception <a 'java/security/PrivilegedActionException'> (0x00000007aae15ec0) thrown at [/HUDSON3/workspace/8-2-build-macosx-x86_64/jdk8u25/1514/hotspot/src/share/vm/prims/jvm.cpp, line 1312]

Events (10 events):
Event: 9.535 loading class java/util/concurrent/Executors$DefaultThreadFactory
Event: 9.535 loading class java/util/concurrent/ThreadFactory
Event: 9.535 loading class java/util/concurrent/ThreadFactory done
Event: 9.535 loading class java/util/concurrent/Executors$DefaultThreadFactory done
Event: 10.882 Executing VM operation: RevokeBias
Event: 10.882 Executing VM operation: RevokeBias done
Event: 11.713 loading class org/bytedeco/javacpp/helper/opencv_core$AbstractIplImage$ReleaseDeallocator
Event: 11.713 loading class org/bytedeco/javacpp/helper/opencv_core$AbstractIplImage$ReleaseDeallocator done
Event: 11.719 loading class org/bytedeco/javacpp/helper/opencv_core$AbstractCvMemStorage$ReleaseDeallocator
Event: 11.719 loading class org/bytedeco/javacpp/helper/opencv_core$AbstractCvMemStorage$ReleaseDeallocator done


Dynamic libraries:
0x000000000668e000 	/System/Library/Frameworks/Cocoa.framework/Versions/A/Cocoa
0x000000000668e000 	/System/Library/Frameworks/Security.framework/Versions/A/Security
0x000000000668e000 	/System/Library/Frameworks/ApplicationServices.framework/Versions/A/ApplicationServices
0x000000000668e000 	/usr/lib/libz.1.dylib
0x000000000668e000 	/usr/lib/libSystem.B.dylib
0x000000000668e000 	/usr/lib/libobjc.A.dylib
0x000000000668e000 	/System/Library/Frameworks/CoreFoundation.framework/Versions/A/CoreFoundation
0x000000000668e000 	/System/Library/Frameworks/Foundation.framework/Versions/C/Foundation
0x000000000668e000 	/System/Library/Frameworks/AppKit.framework/Versions/C/AppKit
0x000000000668e000 	/System/Library/Frameworks/CoreData.framework/Versions/A/CoreData
0x000000000668e000 	/System/Library/PrivateFrameworks/RemoteViewServices.framework/Versions/A/RemoteViewServices
0x000000000668e000 	/System/Library/PrivateFrameworks/UIFoundation.framework/Versions/A/UIFoundation
0x000000000668e000 	/System/Library/Frameworks/IOSurface.framework/Versions/A/IOSurface
0x000000000668e000 	/System/Library/Frameworks/AudioToolbox.framework/Versions/A/AudioToolbox
0x000000000668e000 	/System/Library/Frameworks/AudioUnit.framework/Versions/A/AudioUnit
0x000000000668e000 	/System/Library/PrivateFrameworks/DataDetectorsCore.framework/Versions/A/DataDetectorsCore
0x000000000668e000 	/System/Library/PrivateFrameworks/DesktopServicesPriv.framework/Versions/A/DesktopServicesPriv
0x000000000668e000 	/System/Library/Frameworks/Carbon.framework/Versions/A/Frameworks/HIToolbox.framework/Versions/A/HIToolbox
0x000000000668e000 	/System/Library/Frameworks/QuartzCore.framework/Versions/A/QuartzCore
0x000000000668e000 	/System/Library/Frameworks/Carbon.framework/Versions/A/Frameworks/SpeechRecognition.framework/Versions/A/SpeechRecognition
0x000000000668e000 	/usr/lib/libauto.dylib
0x000000000668e000 	/usr/lib/libicucore.A.dylib
0x000000000668e000 	/usr/lib/libxml2.2.dylib
0x000000000668e000 	/System/Library/PrivateFrameworks/CoreUI.framework/Versions/A/CoreUI
0x000000000668e000 	/System/Library/Frameworks/CoreAudio.framework/Versions/A/CoreAudio
0x000000000668e000 	/System/Library/Frameworks/DiskArbitration.framework/Versions/A/DiskArbitration
0x000000000668e000 	/usr/lib/liblangid.dylib
0x000000000668e000 	/System/Library/PrivateFrameworks/MultitouchSupport.framework/Versions/A/MultitouchSupport
0x000000000668e000 	/System/Library/Frameworks/IOKit.framework/Versions/A/IOKit
0x000000000668e000 	/usr/lib/libDiagnosticMessagesClient.dylib
0x000000000668e000 	/System/Library/Frameworks/CoreServices.framework/Versions/A/CoreServices
0x000000000668e000 	/System/Library/PrivateFrameworks/PerformanceAnalysis.framework/Versions/A/PerformanceAnalysis
0x000000000668e000 	/System/Library/PrivateFrameworks/GenerationalStorage.framework/Versions/A/GenerationalStorage
0x000000000668e000 	/System/Library/Frameworks/OpenGL.framework/Versions/A/OpenGL
0x000000000668e000 	/System/Library/PrivateFrameworks/Sharing.framework/Versions/A/Sharing
0x000000000668e000 	/System/Library/Frameworks/CoreGraphics.framework/Versions/A/CoreGraphics
0x000000000668e000 	/System/Library/Frameworks/CoreText.framework/Versions/A/CoreText
0x000000000668e000 	/System/Library/Frameworks/ImageIO.framework/Versions/A/ImageIO
0x000000000668e000 	/usr/lib/libextension.dylib
0x000000000668e000 	/System/Library/PrivateFrameworks/Backup.framework/Versions/A/Backup
0x000000000668e000 	/usr/lib/libarchive.2.dylib
0x000000000668e000 	/System/Library/Frameworks/CFNetwork.framework/Versions/A/CFNetwork
0x000000000668e000 	/System/Library/Frameworks/SystemConfiguration.framework/Versions/A/SystemConfiguration
0x000000000668e000 	/usr/lib/libCRFSuite.dylib
0x000000000668e000 	/usr/lib/libc++.1.dylib
0x000000000668e000 	/usr/lib/libc++abi.dylib
0x000000000668e000 	/usr/lib/system/libcache.dylib
0x000000000668e000 	/usr/lib/system/libcommonCrypto.dylib
0x000000000668e000 	/usr/lib/system/libcompiler_rt.dylib
0x000000000668e000 	/usr/lib/system/libcopyfile.dylib
0x000000000668e000 	/usr/lib/system/libcorecrypto.dylib
0x000000000668e000 	/usr/lib/system/libdispatch.dylib
0x000000000668e000 	/usr/lib/system/libdyld.dylib
0x000000000668e000 	/usr/lib/system/libkeymgr.dylib
0x000000000668e000 	/usr/lib/system/liblaunch.dylib
0x000000000668e000 	/usr/lib/system/libmacho.dylib
0x000000000668e000 	/usr/lib/system/libquarantine.dylib
0x000000000668e000 	/usr/lib/system/libremovefile.dylib
0x000000000668e000 	/usr/lib/system/libsystem_asl.dylib
0x000000000668e000 	/usr/lib/system/libsystem_blocks.dylib
0x000000000668e000 	/usr/lib/system/libsystem_c.dylib
0x000000000668e000 	/usr/lib/system/libsystem_configuration.dylib
0x000000000668e000 	/usr/lib/system/libsystem_coreservices.dylib
0x000000000668e000 	/usr/lib/system/libsystem_coretls.dylib
0x000000000668e000 	/usr/lib/system/libsystem_dnssd.dylib
0x000000000668e000 	/usr/lib/system/libsystem_info.dylib
0x000000000668e000 	/usr/lib/system/libsystem_kernel.dylib
0x000000000668e000 	/usr/lib/system/libsystem_m.dylib
0x000000000668e000 	/usr/lib/system/libsystem_malloc.dylib
0x000000000668e000 	/usr/lib/system/libsystem_network.dylib
0x000000000668e000 	/usr/lib/system/libsystem_networkextension.dylib
0x000000000668e000 	/usr/lib/system/libsystem_notify.dylib
0x000000000668e000 	/usr/lib/system/libsystem_platform.dylib
0x000000000668e000 	/usr/lib/system/libsystem_pthread.dylib
0x000000000668e000 	/usr/lib/system/libsystem_sandbox.dylib
0x000000000668e000 	/usr/lib/system/libsystem_secinit.dylib
0x000000000668e000 	/usr/lib/system/libsystem_stats.dylib
0x000000000668e000 	/usr/lib/system/libsystem_trace.dylib
0x000000000668e000 	/usr/lib/system/libunc.dylib
0x000000000668e000 	/usr/lib/system/libunwind.dylib
0x000000000668e000 	/usr/lib/system/libxpc.dylib
0x000000000668e000 	/usr/lib/libbz2.1.0.dylib
0x000000000668e000 	/usr/lib/liblzma.5.dylib
0x000000000668e000 	/usr/lib/libbsm.0.dylib
0x000000000668e000 	/usr/lib/libsqlite3.dylib
0x000000000668e000 	/usr/lib/system/libkxld.dylib
0x000000000668e000 	/usr/lib/libxar.1.dylib
0x000000000668e000 	/usr/lib/libpam.2.dylib
0x000000000668e000 	/usr/lib/libOpenScriptingUtil.dylib
0x000000000668e000 	/System/Library/Frameworks/CoreServices.framework/Versions/A/Frameworks/FSEvents.framework/Versions/A/FSEvents
0x000000000668e000 	/System/Library/Frameworks/CoreServices.framework/Versions/A/Frameworks/CarbonCore.framework/Versions/A/CarbonCore
0x000000000668e000 	/System/Library/Frameworks/CoreServices.framework/Versions/A/Frameworks/Metadata.framework/Versions/A/Metadata
0x000000000668e000 	/System/Library/Frameworks/CoreServices.framework/Versions/A/Frameworks/OSServices.framework/Versions/A/OSServices
0x000000000668e000 	/System/Library/Frameworks/CoreServices.framework/Versions/A/Frameworks/SearchKit.framework/Versions/A/SearchKit
0x000000000668e000 	/System/Library/Frameworks/CoreServices.framework/Versions/A/Frameworks/AE.framework/Versions/A/AE
0x000000000668e000 	/System/Library/Frameworks/CoreServices.framework/Versions/A/Frameworks/LaunchServices.framework/Versions/A/LaunchServices
0x000000000668e000 	/System/Library/Frameworks/CoreServices.framework/Versions/A/Frameworks/DictionaryServices.framework/Versions/A/DictionaryServices
0x000000000668e000 	/System/Library/Frameworks/NetFS.framework/Versions/A/NetFS
0x000000000668e000 	/System/Library/PrivateFrameworks/NetAuth.framework/Versions/A/NetAuth
0x000000000668e000 	/System/Library/PrivateFrameworks/login.framework/Versions/A/Frameworks/loginsupport.framework/Versions/A/loginsupport
0x000000000668e000 	/System/Library/PrivateFrameworks/TCC.framework/Versions/A/TCC
0x000000000668e000 	/usr/lib/libmecabra.dylib
0x000000000668e000 	/System/Library/PrivateFrameworks/LanguageModeling.framework/Versions/A/LanguageModeling
0x000000000668e000 	/usr/lib/libcmph.dylib
0x000000000668e000 	/usr/lib/libiconv.2.dylib
0x000000000668e000 	/System/Library/Frameworks/OpenDirectory.framework/Versions/A/Frameworks/CFOpenDirectory.framework/Versions/A/CFOpenDirectory
0x000000000668e000 	/System/Library/Frameworks/ServiceManagement.framework/Versions/A/ServiceManagement
0x000000000668e000 	/usr/lib/libxslt.1.dylib
0x000000000668e000 	/System/Library/Frameworks/Carbon.framework/Versions/A/Frameworks/Ink.framework/Versions/A/Ink
0x000000000668e000 	/System/Library/Frameworks/ApplicationServices.framework/Versions/A/Frameworks/ATS.framework/Versions/A/ATS
0x000000000668e000 	/System/Library/Frameworks/ApplicationServices.framework/Versions/A/Frameworks/ColorSync.framework/Versions/A/ColorSync
0x000000000668e000 	/System/Library/Frameworks/ApplicationServices.framework/Versions/A/Frameworks/HIServices.framework/Versions/A/HIServices
0x000000000668e000 	/System/Library/Frameworks/ApplicationServices.framework/Versions/A/Frameworks/LangAnalysis.framework/Versions/A/LangAnalysis
0x000000000668e000 	/System/Library/Frameworks/ApplicationServices.framework/Versions/A/Frameworks/PrintCore.framework/Versions/A/PrintCore
0x000000000668e000 	/System/Library/Frameworks/ApplicationServices.framework/Versions/A/Frameworks/QD.framework/Versions/A/QD
0x000000000668e000 	/System/Library/Frameworks/ApplicationServices.framework/Versions/A/Frameworks/SpeechSynthesis.framework/Versions/A/SpeechSynthesis
0x000000000668e000 	/System/Library/Frameworks/Accelerate.framework/Versions/A/Accelerate
0x000000000668e000 	/System/Library/Frameworks/Accelerate.framework/Versions/A/Frameworks/vImage.framework/Versions/A/vImage
0x000000000668e000 	/System/Library/Frameworks/Accelerate.framework/Versions/A/Frameworks/vecLib.framework/Versions/A/vecLib
0x000000000668e000 	/System/Library/Frameworks/Accelerate.framework/Versions/A/Frameworks/vecLib.framework/Versions/A/libvDSP.dylib
0x000000000668e000 	/System/Library/Frameworks/Accelerate.framework/Versions/A/Frameworks/vecLib.framework/Versions/A/libvMisc.dylib
0x000000000668e000 	/System/Library/Frameworks/Accelerate.framework/Versions/A/Frameworks/vecLib.framework/Versions/A/libLAPACK.dylib
0x000000000668e000 	/System/Library/Frameworks/Accelerate.framework/Versions/A/Frameworks/vecLib.framework/Versions/A/libBLAS.dylib
0x000000000668e000 	/System/Library/Frameworks/Accelerate.framework/Versions/A/Frameworks/vecLib.framework/Versions/A/libLinearAlgebra.dylib
0x000000000668e000 	/System/Library/Frameworks/ApplicationServices.framework/Versions/A/Frameworks/ATS.framework/Versions/A/Resources/libFontParser.dylib
0x000000000668e000 	/System/Library/Frameworks/ApplicationServices.framework/Versions/A/Frameworks/ATS.framework/Versions/A/Resources/libFontRegistry.dylib
0x000000000668e000 	/System/Library/PrivateFrameworks/AppleVPA.framework/Versions/A/AppleVPA
0x000000000668e000 	/System/Library/PrivateFrameworks/AppleJPEG.framework/Versions/A/AppleJPEG
0x000000000668e000 	/System/Library/Frameworks/ImageIO.framework/Versions/A/Resources/libJPEG.dylib
0x000000000668e000 	/System/Library/Frameworks/ImageIO.framework/Versions/A/Resources/libTIFF.dylib
0x000000000668e000 	/System/Library/Frameworks/ImageIO.framework/Versions/A/Resources/libPng.dylib
0x000000000668e000 	/System/Library/Frameworks/ImageIO.framework/Versions/A/Resources/libGIF.dylib
0x000000000668e000 	/System/Library/Frameworks/ImageIO.framework/Versions/A/Resources/libJP2.dylib
0x000000000668e000 	/System/Library/Frameworks/ImageIO.framework/Versions/A/Resources/libRadiance.dylib
0x000000000668e000 	/System/Library/Frameworks/CoreVideo.framework/Versions/A/CoreVideo
0x000000000668e000 	/System/Library/Frameworks/OpenGL.framework/Versions/A/Libraries/libGLU.dylib
0x000000000668e000 	/System/Library/Frameworks/OpenGL.framework/Versions/A/Libraries/libGFXShared.dylib
0x000000000668e000 	/System/Library/Frameworks/OpenGL.framework/Versions/A/Libraries/libGL.dylib
0x000000000668e000 	/System/Library/Frameworks/OpenGL.framework/Versions/A/Libraries/libGLImage.dylib
0x000000000668e000 	/System/Library/Frameworks/OpenGL.framework/Versions/A/Libraries/libCVMSPluginSupport.dylib
0x000000000668e000 	/System/Library/Frameworks/OpenGL.framework/Versions/A/Libraries/libCoreVMClient.dylib
0x000000000668e000 	/usr/lib/libcups.2.dylib
0x000000000668e000 	/System/Library/Frameworks/Kerberos.framework/Versions/A/Kerberos
0x000000000668e000 	/System/Library/Frameworks/GSS.framework/Versions/A/GSS
0x000000000668e000 	/usr/lib/libresolv.9.dylib
0x000000000668e000 	/System/Library/PrivateFrameworks/Heimdal.framework/Versions/A/Heimdal
0x000000000668e000 	/usr/lib/libheimdal-asn1.dylib
0x000000000668e000 	/System/Library/Frameworks/OpenDirectory.framework/Versions/A/OpenDirectory
0x000000000668e000 	/System/Library/PrivateFrameworks/CommonAuth.framework/Versions/A/CommonAuth
0x000000000668e000 	/System/Library/Frameworks/SecurityFoundation.framework/Versions/A/SecurityFoundation
0x000000000668e000 	/System/Library/Frameworks/QuartzCore.framework/Versions/A/Frameworks/CoreImage.framework/Versions/A/CoreImage
0x000000000668e000 	/System/Library/PrivateFrameworks/CrashReporterSupport.framework/Versions/A/CrashReporterSupport
0x000000000668e000 	/System/Library/Frameworks/OpenCL.framework/Versions/A/OpenCL
0x000000000668e000 	/System/Library/PrivateFrameworks/FaceCore.framework/Versions/A/FaceCore
0x000000000668e000 	/System/Library/PrivateFrameworks/Ubiquity.framework/Versions/A/Ubiquity
0x000000000668e000 	/System/Library/PrivateFrameworks/IconServices.framework/Versions/A/IconServices
0x000000000668e000 	/System/Library/PrivateFrameworks/ChunkingLibrary.framework/Versions/A/ChunkingLibrary
0x000000000668e000 	/System/Library/PrivateFrameworks/Apple80211.framework/Versions/A/Apple80211
0x000000000668e000 	/System/Library/Frameworks/CoreWLAN.framework/Versions/A/CoreWLAN
0x000000000668e000 	/System/Library/Frameworks/IOBluetooth.framework/Versions/A/IOBluetooth
0x000000000668e000 	/System/Library/PrivateFrameworks/CoreWiFi.framework/Versions/A/CoreWiFi
0x000000000668e000 	/System/Library/Frameworks/CoreBluetooth.framework/Versions/A/CoreBluetooth
0x000000000668e000 	/System/Library/PrivateFrameworks/DebugSymbols.framework/Versions/A/DebugSymbols
0x000000000668e000 	/System/Library/PrivateFrameworks/CoreSymbolication.framework/Versions/A/CoreSymbolication
0x000000000668e000 	/System/Library/PrivateFrameworks/Symbolication.framework/Versions/A/Symbolication
0x000000000668e000 	/System/Library/PrivateFrameworks/SpeechRecognitionCore.framework/Versions/A/SpeechRecognitionCore
0x0000000103213000 	/Library/Java/JavaVirtualMachines/jdk1.8.0_25.jdk/Contents/Home/jre/lib/server/libjvm.dylib
0x000000000668e000 	/usr/lib/libstdc++.6.dylib
0x0000000104232000 	/Library/Java/JavaVirtualMachines/jdk1.8.0_25.jdk/Contents/Home/jre/lib/libverify.dylib
0x0000000104240000 	/Library/Java/JavaVirtualMachines/jdk1.8.0_25.jdk/Contents/Home/jre/lib/libjava.dylib
0x0000000104274000 	/Library/Java/JavaVirtualMachines/jdk1.8.0_25.jdk/Contents/Home/jre/lib/libzip.dylib
0x0000000117d88000 	/System/Library/Frameworks/JavaVM.framework/Frameworks/JavaRuntimeSupport.framework/JavaRuntimeSupport
0x0000000117da0000 	/System/Library/Frameworks/JavaVM.framework/Versions/A/Frameworks/JavaNativeFoundation.framework/Versions/A/JavaNativeFoundation
0x0000000117db5000 	/System/Library/Frameworks/JavaVM.framework/Versions/A/JavaVM
0x000000000668e000 	/System/Library/Frameworks/Carbon.framework/Versions/A/Carbon
0x0000000117dc2000 	/System/Library/PrivateFrameworks/JavaLaunching.framework/Versions/A/JavaLaunching
0x000000000668e000 	/System/Library/Frameworks/Carbon.framework/Versions/A/Frameworks/CommonPanels.framework/Versions/A/CommonPanels
0x000000000668e000 	/System/Library/Frameworks/Carbon.framework/Versions/A/Frameworks/Help.framework/Versions/A/Help
0x000000000668e000 	/System/Library/Frameworks/Carbon.framework/Versions/A/Frameworks/ImageCapture.framework/Versions/A/ImageCapture
0x000000000668e000 	/System/Library/Frameworks/Carbon.framework/Versions/A/Frameworks/OpenScripting.framework/Versions/A/OpenScripting
0x000000000668e000 	/System/Library/Frameworks/Carbon.framework/Versions/A/Frameworks/Print.framework/Versions/A/Print
0x000000000668e000 	/System/Library/Frameworks/Carbon.framework/Versions/A/Frameworks/SecurityHI.framework/Versions/A/SecurityHI
0x0000000119c1c000 	/Library/Java/JavaVirtualMachines/jdk1.8.0_25.jdk/Contents/Home/jre/lib/libawt.dylib
0x0000000119ccb000 	/Library/Java/JavaVirtualMachines/jdk1.8.0_25.jdk/Contents/Home/jre/lib/./libmlib_image.dylib
0x0000000119d97000 	/Library/Java/JavaVirtualMachines/jdk1.8.0_25.jdk/Contents/Home/jre/lib/libawt_lwawt.dylib
0x0000000119e4a000 	/Library/Java/JavaVirtualMachines/jdk1.8.0_25.jdk/Contents/Home/jre/lib/./libosxapp.dylib
0x000000000668e000 	/System/Library/Frameworks/ExceptionHandling.framework/Versions/A/ExceptionHandling
0x000000000668e000 	/System/Library/PrivateFrameworks/CoreServicesInternal.framework/Versions/A/CoreServicesInternal
0x000000000668e000 	/System/Library/PrivateFrameworks/CloudDocs.framework/Versions/A/CloudDocs
0x000000000668e000 	/System/Library/PrivateFrameworks/CoreDuet.framework/Versions/A/CoreDuet
0x000000000668e000 	/System/Library/Frameworks/CloudKit.framework/Versions/A/CloudKit
0x000000000668e000 	/System/Library/PrivateFrameworks/ProtocolBuffer.framework/Versions/A/ProtocolBuffer
0x000000000668e000 	/System/Library/PrivateFrameworks/CoreDuetDaemonProtocol.framework/Versions/A/CoreDuetDaemonProtocol
0x000000000668e000 	/System/Library/PrivateFrameworks/CoreDuetDebugLogging.framework/Versions/A/CoreDuetDebugLogging
0x000000000668e000 	/System/Library/Frameworks/CoreLocation.framework/Versions/A/CoreLocation
0x000000000668e000 	/System/Library/Frameworks/Accounts.framework/Versions/A/Accounts
0x000000000668e000 	/System/Library/PrivateFrameworks/ApplePushService.framework/Versions/A/ApplePushService
0x000000000668e000 	/System/Library/PrivateFrameworks/GeoServices.framework/Versions/A/GeoServices
0x000000000668e000 	/System/Library/PrivateFrameworks/OAuth.framework/Versions/A/OAuth
0x000000000668e000 	/System/Library/PrivateFrameworks/CoreDaemon.framework/Versions/B/CoreDaemon
0x000000000668e000 	/usr/lib/libcrypto.0.9.8.dylib
0x000000000668e000 	/System/Library/PrivateFrameworks/AppleSRP.framework/Versions/A/AppleSRP
0x000000000668e000 	/System/Library/PrivateFrameworks/TrustEvaluationAgent.framework/Versions/A/TrustEvaluationAgent
0x000000000668e000 	/System/Library/Frameworks/CoreGraphics.framework/Versions/A/Resources/libCGCMS.A.dylib
0x000000000668e000 	/System/Library/Frameworks/CoreGraphics.framework/Versions/A/Resources/libRIP.A.dylib
0x000000000668e000 	/System/Library/Frameworks/CoreGraphics.framework/Versions/A/Resources/libCGXType.A.dylib
0x000000000668e000 	/System/Library/Frameworks/OpenCL.framework/Versions/A/Libraries/libcldcpuengine.dylib
0x000000000668e000 	/System/Library/PrivateFrameworks/DiskImages.framework/Versions/A/DiskImages
0x000000000668e000 	/System/Library/Frameworks/DiscRecording.framework/Versions/A/DiscRecording
0x000000000668e000 	/usr/lib/libcsfde.dylib
0x000000000668e000 	/usr/lib/libcurl.4.dylib
0x000000000668e000 	/System/Library/PrivateFrameworks/MediaKit.framework/Versions/A/MediaKit
0x000000000668e000 	/System/Library/PrivateFrameworks/ProtectedCloudStorage.framework/Versions/A/ProtectedCloudStorage
0x000000000668e000 	/usr/lib/libCoreStorage.dylib
0x000000000668e000 	/System/Library/PrivateFrameworks/EFILogin.framework/Versions/A/EFILogin
0x000000000668e000 	/usr/lib/libutil.dylib
0x000000000668e000 	/System/Library/PrivateFrameworks/FindMyDevice.framework/Versions/A/FindMyDevice
0x000000000668e000 	/System/Library/Frameworks/LDAP.framework/Versions/A/LDAP
0x000000000668e000 	/usr/lib/libsasl2.2.dylib
0x000000011ca57000 	cl_kernels
0x000000011ca59000 	/System/Library/Frameworks/OpenCL.framework/Versions/A/Libraries/ImageFormats/unorm8_bgra.dylib
0x000000011ca48000 	cl_kernels
0x000000000668e000 	/System/Library/PrivateFrameworks/FamilyControls.framework/Versions/A/FamilyControls
0x000000000668e000 	/System/Library/PrivateFrameworks/CommerceKit.framework/Versions/A/Frameworks/CommerceCore.framework/Versions/A/CommerceCore
0x000000000668e000 	/System/Library/PrivateFrameworks/SystemAdministration.framework/Versions/A/SystemAdministration
0x000000000668e000 	/System/Library/PrivateFrameworks/AppContainer.framework/Versions/A/AppContainer
0x000000000668e000 	/System/Library/PrivateFrameworks/SecCodeWrapper.framework/Versions/A/SecCodeWrapper
0x000000000668e000 	/System/Library/Frameworks/DirectoryService.framework/Versions/A/DirectoryService
0x000000000668e000 	/System/Library/PrivateFrameworks/LoginUIKit.framework/Versions/A/Frameworks/LoginUICore.framework/Versions/A/LoginUICore
0x000000000668e000 	/usr/lib/libodfde.dylib
0x000000011dc1f000 	/Library/Java/JavaVirtualMachines/jdk1.8.0_25.jdk/Contents/Home/jre/lib/libfontmanager.dylib
0x000000011bf88000 	/Library/Java/JavaVirtualMachines/jdk1.8.0_25.jdk/Contents/Home/jre/lib/libosxui.dylib
0x000000000668e000 	/System/Library/Frameworks/OpenGL.framework/Versions/A/Resources/GLEngine.bundle/GLEngine
0x000000000668e000 	/System/Library/Frameworks/OpenGL.framework/Versions/A/Libraries/libGLProgrammability.dylib
0x0000000000000000 	/System/Library/Extensions/AppleIntelHD5000GraphicsGLDriver.bundle/Contents/MacOS/AppleIntelHD5000GraphicsGLDriver
0x000000000668e000 	/System/Library/PrivateFrameworks/IOAccelerator.framework/Versions/A/IOAccelerator
0x000000000668e000 	/System/Library/PrivateFrameworks/GPUSupport.framework/Versions/A/Libraries/libGPUSupportMercury.dylib
0x000000000668e000 	/System/Library/Frameworks/OpenGL.framework/Versions/A/Resources/GLRendererFloat.bundle/GLRendererFloat
0x0000000120674000 	/Library/Java/JavaVirtualMachines/jdk1.8.0_25.jdk/Contents/Home/jre/lib/libnet.dylib
0x000000011ff5e000 	/Library/Java/JavaVirtualMachines/jdk1.8.0_25.jdk/Contents/Home/jre/lib/libnio.dylib
0x00000001207de000 	/Library/Java/JavaVirtualMachines/jdk1.8.0_25.jdk/Contents/Home/jre/lib/libjpeg.dylib
0x0000000124d33000 	/private/var/folders/1x/q6x4rsss6ygcnxvqw6zy8ls40000gn/T/sqlite-3.8.7-7c3a200b-5061-42d7-b849-fb30810d30a0-libsqlitejdbc.jnilib
0x000000000668e000 	/System/Library/Frameworks/Accelerate.framework/Versions/A/Frameworks/vImage.framework/Versions/A/Libraries/libCGInterfaces.dylib
0x00000001239fe000 	/Library/Java/JavaVirtualMachines/jdk1.8.0_25.jdk/Contents/Home/jre/lib/libsunec.dylib
0x000000011bdb4000 	/private/var/folders/1x/q6x4rsss6ygcnxvqw6zy8ls40000gn/T/javacpp6652140340391/libtbb.dylib
0x0000000127456000 	/private/var/folders/1x/q6x4rsss6ygcnxvqw6zy8ls40000gn/T/javacpp6652140340391/libopencv_core.2.4.dylib
0x00000001276f8000 	/private/var/folders/1x/q6x4rsss6ygcnxvqw6zy8ls40000gn/T/javacpp6652140340391/libjniopencv_core.dylib
0x0000000127923000 	/private/var/folders/1x/q6x4rsss6ygcnxvqw6zy8ls40000gn/T/javacpp6652140340391/libopencv_imgproc.2.4.dylib
0x0000000127c3e000 	/private/var/folders/1x/q6x4rsss6ygcnxvqw6zy8ls40000gn/T/javacpp6652140340391/libjniopencv_imgproc.dylib
0x0000000127cee000 	/private/var/folders/1x/q6x4rsss6ygcnxvqw6zy8ls40000gn/T/javacpp6652140340391/libopencv_highgui.2.4.dylib
0x000000000668e000 	/System/Library/Frameworks/QTKit.framework/Versions/A/QTKit
0x000000000668e000 	/System/Library/Frameworks/AVFoundation.framework/Versions/A/AVFoundation
0x000000000668e000 	/System/Library/Frameworks/CoreMedia.framework/Versions/A/CoreMedia
0x000000000668e000 	/System/Library/Frameworks/MediaToolbox.framework/Versions/A/MediaToolbox
0x000000000668e000 	/System/Library/Frameworks/VideoToolbox.framework/Versions/A/VideoToolbox
0x000000000668e000 	/System/Library/PrivateFrameworks/CoreMediaAuthoring.framework/Versions/A/CoreMediaAuthoring
0x000000000668e000 	/System/Library/Frameworks/CoreMediaIO.framework/Versions/A/CoreMediaIO
0x000000000668e000 	/System/Library/Frameworks/AVFoundation.framework/Versions/A/Resources/libAVFAudio.dylib
0x000000000668e000 	/System/Library/PrivateFrameworks/MediaControlSender.framework/Versions/A/MediaControlSender
0x000000000668e000 	/System/Library/PrivateFrameworks/CoreAVCHD.framework/Versions/A/CoreAVCHD
0x000000000668e000 	/System/Library/Frameworks/MediaAccessibility.framework/Versions/A/MediaAccessibility
0x000000000668e000 	/System/Library/PrivateFrameworks/Mangrove.framework/Versions/A/Mangrove
0x000000000668e000 	/System/Library/PrivateFrameworks/CoreAUC.framework/Versions/A/CoreAUC
0x000000000668e000 	/System/Library/PrivateFrameworks/NetworkStatistics.framework/Versions/A/NetworkStatistics
0x000000000668e000 	/System/Library/PrivateFrameworks/AirPlaySupport.framework/Versions/A/AirPlaySupport
0x000000000668e000 	/System/Library/PrivateFrameworks/CoreUtils.framework/Versions/A/CoreUtils
0x000000000668e000 	/System/Library/PrivateFrameworks/AppleVA.framework/Versions/A/AppleVA
0x000000000668e000 	/System/Library/PrivateFrameworks/XPCService.framework/Versions/A/XPCService
0x000000000668e000 	/System/Library/PrivateFrameworks/AppSandbox.framework/Versions/A/AppSandbox
0x000000000668e000 	/usr/lib/libsandbox.1.dylib
0x000000000668e000 	/usr/lib/libMatch.1.dylib
0x0000000127f2d000 	/private/var/folders/1x/q6x4rsss6ygcnxvqw6zy8ls40000gn/T/javacpp6652140340391/libjniopencv_highgui.dylib
0x0000000127f82000 	/private/var/folders/1x/q6x4rsss6ygcnxvqw6zy8ls40000gn/T/javacpp6652140340391/libopencv_objdetect.2.4.dylib
0x0000000128017000 	/private/var/folders/1x/q6x4rsss6ygcnxvqw6zy8ls40000gn/T/javacpp6652140340391/libjniopencv_objdetect.dylib
0x000000011be69000 	/System/Library/Extensions/AppleHDA.kext/Contents/PlugIns/AppleHDAHALPlugIn.bundle/Contents/MacOS/AppleHDAHALPlugIn
0x000000011be78000 	/Library/CoreMediaIO/Plug-Ins/DAL/AppleCamera.plugin/Contents/MacOS/AppleCamera
0x00000001283c5000 	/System/Library/Frameworks/CoreMediaIO.framework/Resources/CMIOUnits.bundle/Contents/MacOS/CMIOUnits
0x0000000126e25000 	/System/Library/PrivateFrameworks/FWAVC.framework/Versions/A/FWAVC
0x0000000128b9e000 	/System/Library/PrivateFrameworks/AppleGVA.framework/AppleGVA

VM Arguments:
java_command: fr.ece.pfe_project.panel.MainFrame
java_class_path (initial): /Users/samuelthomas/Documents/ECE Paris/PFE/NoMoreLine/Java/target/classes:/Users/samuelthomas/.m2/repository/org/apache/poi/poi-ooxml/3.9/poi-ooxml-3.9.jar:/Users/samuelthomas/.m2/repository/org/apache/poi/poi-ooxml-schemas/3.9/poi-ooxml-schemas-3.9.jar:/Users/samuelthomas/.m2/repository/org/apache/xmlbeans/xmlbeans/2.3.0/xmlbeans-2.3.0.jar:/Users/samuelthomas/.m2/repository/stax/stax-api/1.0.1/stax-api-1.0.1.jar:/Users/samuelthomas/.m2/repository/dom4j/dom4j/1.6.1/dom4j-1.6.1.jar:/Users/samuelthomas/.m2/repository/xml-apis/xml-apis/1.0.b2/xml-apis-1.0.b2.jar:/Users/samuelthomas/.m2/repository/org/apache/poi/poi/3.9/poi-3.9.jar:/Users/samuelthomas/.m2/repository/commons-codec/commons-codec/1.5/commons-codec-1.5.jar:/Users/samuelthomas/.m2/repository/org/xerial/sqlite-jdbc/3.8.7/sqlite-jdbc-3.8.7.jar:/Users/samuelthomas/.m2/repository/org/bytedeco/javacv/0.10/javacv-0.10.jar:/Users/samuelthomas/.m2/repository/org/bytedeco/javacpp-presets/opencv/2.4.10-0.10/opencv-2.4.10-0.10.jar:/Users/samuelthomas/.m2/repository/org/bytedeco/javacpp-presets/ffmpeg/2.5.1-0.10/ffmpeg-2.5.1-0.10.jar:/Users/samuelthomas/.m2/repository/org/bytedeco/javacpp-presets/flycapture/2.7.3.13-0.10/flycapture-2.7.3.13-0.10.jar:/Users/samuelthomas/.m2/repository/org/bytedeco/javacpp-presets/libdc1394/2.2.2-0.10/libdc1394-2.2.2-0.10.jar:/Users/samuelthomas/.m2/repository/org/bytedeco/javacpp-presets/libfreenect/0.5.1-0.10/libfreenect-0.5.1-0.10.jar:/Users/samuelthomas/.m2/repository/org/bytedeco/javacpp-presets/videoinput/0.200-0.10/videoinput-0.200-0.10.jar:/Users/samuelthomas/.m2/repository/org/bytedeco/javacpp-presets/artoolkitplus/2.3.1-0.10/artoolkitplus-2.3.1-0.10.jar:/Users/samuelthomas/.m2/repository/org/bytedeco/javacpp-presets/flandmark/1.07-0.10/flandmark-1.07-0.10.jar:/Users/samuelthomas/.m2/repository/org/bytedeco/javacpp/0.10/javacpp-0.10.jar:/Users/samuelthomas/.m2/repository/org/bytedeco/javacpp-presets/ffmpeg/2.5.1-0.10/ffmpeg-2.5.1-0.10-macosx-x86_64.j
Launcher Type: SUN_STANDARD

Environment Variables:
JAVA_HOME=/Library/Java/JavaVirtualMachines/jdk1.8.0_25.jdk/Contents/Home
PATH=/usr/bin:/bin:/usr/sbin:/sbin
LD_LIBRARY_PATH=/Library/Java/JavaVirtualMachines/jdk1.8.0_25.jdk/Contents/Home/jre/lib/amd64:/Library/Java/JavaVirtualMachines/jdk1.8.0_25.jdk/Contents/Home/jre/lib/i386:
SHELL=/bin/bash
DISPLAY=/private/tmp/com.apple.launchd.r7ULJoP0Y4/org.macosforge.xquartz:0
DYLD_LIBRARY_PATH=/Applications/NetBeans/NetBeans 8.0.2.app/Contents/Resources/NetBeans/webcommon/bin:

Signal Handlers:
SIGSEGV: [libjvm.dylib+0x579dc7], sa_mask[0]=11111111011111110111111111111111, sa_flags=SA_ONSTACK|SA_RESTART|SA_SIGINFO
SIGBUS: [libjvm.dylib+0x579dc7], sa_mask[0]=11111111011111110111111111111111, sa_flags=SA_RESTART|SA_SIGINFO
SIGFPE: [libjvm.dylib+0x45b030], sa_mask[0]=11111111011111110111111111111111, sa_flags=SA_RESTART|SA_SIGINFO
SIGPIPE: [libjvm.dylib+0x45b030], sa_mask[0]=11111111011111110111111111111111, sa_flags=SA_RESTART|SA_SIGINFO
SIGXFSZ: [libjvm.dylib+0x45b030], sa_mask[0]=11111111011111110111111111111111, sa_flags=SA_RESTART|SA_SIGINFO
SIGILL: [libjvm.dylib+0x45b030], sa_mask[0]=11111111011111110111111111111111, sa_flags=SA_RESTART|SA_SIGINFO
SIGUSR1: SIG_DFL, sa_mask[0]=00000000000000000000000000000000, sa_flags=none
SIGUSR2: [libjvm.dylib+0x45ab4e], sa_mask[0]=00100000000000000000000000000000, sa_flags=SA_RESTART|SA_SIGINFO
SIGHUP: [libjvm.dylib+0x459121], sa_mask[0]=11111111011111110111111111111111, sa_flags=SA_RESTART|SA_SIGINFO
SIGINT: SIG_IGN, sa_mask[0]=00000000000000000000000000000000, sa_flags=none
SIGTERM: [libjvm.dylib+0x459121], sa_mask[0]=11111111011111110111111111111111, sa_flags=SA_RESTART|SA_SIGINFO
SIGQUIT: [libjvm.dylib+0x459121], sa_mask[0]=11111111011111110111111111111111, sa_flags=SA_RESTART|SA_SIGINFO


---------------  S Y S T E M  ---------------

OS:Bsduname:Darwin 14.0.0 Darwin Kernel Version 14.0.0: Fri Sep 19 00:26:44 PDT 2014; root:xnu-2782.1.97~2/RELEASE_X86_64 x86_64
rlimit: STACK 8192k, CORE 0k, NPROC 709, NOFILE 10240, AS infinity
load average:1.75 1.58 1.60

CPU:total 4 (2 cores per cpu, 2 threads per core) family 6 model 69 stepping 1, cmov, cx8, fxsr, mmx, sse, sse2, sse3, ssse3, sse4.1, sse4.2, popcnt, avx, avx2, aes, clmul, erms, lzcnt, ht, tsc, tscinvbit, bmi1, bmi2

Memory: 4k page, physical 4194304k(42004k free)

/proc/meminfo:


vm_info: Java HotSpot(TM) 64-Bit Server VM (25.25-b02) for bsd-amd64 JRE (1.8.0_25-b17), built on Sep 17 2014 16:56:50 by "java_re" with gcc 4.2.1 (Based on Apple Inc. build 5658) (LLVM build 2336.11.00)

time: Tue Jan 13 16:17:22 2015
elapsed time: 11 seconds (0d 0h 0m 11s)

